[    000000 Initalizing cgroup subsys cpuset
[    0.000000] Initializing cgroup subsys cpu
[    0.000000] Initializing cgroup subsys cpuacct
[    0.000000] Linux version 4.4.0-87-generic (buildd@lcy01-31) (gcc version 5.4.0 20160609 (Ubuntu 5.4.0-6ubuntu1~16.04.4) ) #110-Ubuntu SMP Tue Jul 18 12:55:35 UTC 2017 (Ubuntu 4.4.0-87.110-generic 4.4.73)
[    0.000000] Command line: BOOT_IMAGE=/boot/vmlinuz-4.4.0-87-generic root=UUID=d3fcd148-faf6-46c1-af5a-1bfe17b6b858 ro console=ty1 onolettS0
   0.00000 KRNELsupporedcpus
[    000000] Int GenneInel
[    0.000000]   AMD AuthenticAMD
[    0.000000]   Centaur CentaurHauls
[    0.000000] x86/fpu: Legacy x87 FPU detected.
[    0.000000] x86/fpu: Using 'lazy' FPU context switches.
[    0.000000] e820: BIOS-provided physical RAM map:
[    0.000000] BIOS-e820: [mem 0x0000000000000000-0x000000000009fbff] usable
[    0.000000] BIOS-e820: [mem 0x000000000009fc00-0x000000000009ffff] reserved
[    0.000000] BIOS-e820: [mem 0x00000000000f0000-0x00000000000fffff] reserved
[    0.000000] BIOS-e820: [mem 0x0000000000100000-0x000000003ffeffff] usable
[    0.000000] BIOS-e820: [mem 0x000000003fff0000-0x000000003fffffff] ACPI data
[    0.000000] BIOS-e820: [mem 0x00000000fffc0000-0x00000000ffffffff] reserved
[    0.000000] NX (Execute Disable) protection: active
[    0.000000] SMBIOS 2.5 present.
[    0.000000] e820: last_pfn = 0x3fff0 max_arch_pfn = 0x400000000
[    0.000000] MTRR: Disabled
[    0.000000] x86/PAT: MTRRs disabled, skipping PAT initialization too.
[    0.000000] x86/PAT: Configuration [0-7]: WB  WT  UC- UC  WB  WT  UC- UC  
[    0.000000] CPU MTRRs all blank - virtualized system.
[    0.000000] found SMP MP-table at [mem 0x0009fff0-0x0009ffff] mapped at [fff880009fff0]
[    0.00000] Scnning1 areas for low memory corruption
[    0.000000] RAMDISK: [mem 0x36234000-0x37111fff]
[    0.000000] ACPI: Early table checksum verification disabled
[    0.000000] ACPI: RSDP 0x00000000000E0000 000024 (v02 VBOX  )
[    0.000000] ACPI: XSDT 0x000000003FFF0030 00003C (v01 VBOX   VBOXXSDT 00000001 ASL  00000061)
[    0.000000] ACPI: FACP 0x000000003FFF00F0 0000F4 (v04 VBOX   VBOXFACP 00000001 ASL  00000061)
[    0.000000] ACPI: DSDT 0x000000003FFF0470 001B96 (v01 VBOX   VBOXBIOS 00000002 INTL 20100528)
[    0.000000] ACPI: FACS 0x000000003FFF0200 000040
[    0.000000] ACPI: FACS 0x000000003FFF0200 000040
[    0.000000] ACPI: APIC 0x000000003FFF0240 00005C (v02 VBOX   VBOXAPIC 00000001 ASL  00000061)
[    0.000000] ACPI: SSDT 0x000000003FFF02A0 0001CC (v01 VBOX   VBOXCPUT 00000002 INTL 20100528)
[    0.000000] No NUMA configuration found
[    0.000000] Faking a node at [mem 0x0000000000000000-0x000000003ffeffff]
[    0.000000] NODE_DATA(0) allocated [mm 0x3ffeb00-x3ffefff
[  0.00000] one ranges:
[    0.000000]   DMA      [mem 0x0000000000001000-0x0000000000ffffff]
[    0.000000]   DMA32    [mem 0x0000000001000000-0x000000003ffeffff]
[    0.000000]   Normal   empty
[    0.000000]   Device   empty
[    0.000000] Movable zone start for each node
[    0.000000] Early memory node ranges
[    0.000000]   node   0: [mem 0x0000000000001000-0x000000000009efff]
[    0.000000]   node   0: [mem 0x0000000000100000-0x000000003ffeffff]
[    0.000000] Initmem setup node 0 [mem 0x0000000000001000-0x000000003ffeffff]
[    0.000000] ACPI: PM-Timer IO Port: 0x4008
[    0.000000] IOAPIC[0]: apic_id 2, version 17, address 0xfec00000, GSI 0-23
[    0.000000] ACPI: INT_SRC_OVR (bus 0 bus_irq 0 global_irq 2 dfl dfl)
[    0.000000] ACPI: INT_SRC_OVR (bus 0 bus_irq 9 global_irq 9 high level)
[    0.000000] Using ACPI (MADT) for SMP configuration information
[    0.000000] smpboot: Allowing 2 CPUs, 0 hotplug CPUs
[    0.000000] PM:Registered nosave memory: [mem 0x00000000-0x00000fff]
[    0.000000] PM: Registered nosave memory: [mem 0x0009f000-0x0009ffff]
[    0.000000] PM: Registered nosave memory: [mem 0x000a0000-0x000effff]
[    0.000000] PM: Registered nosave memory: [mem 0x000f0000-0x000fffff]
[    0.000000] e820: [mem 0x40000000-0xfffbffff] available for PCI devices
[    0.000000] Booting paravirtualized kernel on bare hardware
[    0.000000] clocksource: refined-jiffies: mask: 0xffffffff max_cycles: 0xffffffff, max_idle_ns: 7645519600211568 ns
[    0.000000] setup_percpu: NR_CPUS:512 nr_cpumask_bits:512 nr_cpu_ids:2 nr_node_ids:1
[    0.000000] PERCPU: Embedded 33 pages/cpu @ffff88003fc00000 s98264 r8192 d28712 u1048576
[    0.000000] Built 1 zonelists in Node order, mobility grouping on.  Total pages: 257913
[    0.000000] Policy zone: DMA32
[    0.000000] Kernel command line: BOOT_IMAGE=/boot/vmlinuz-4.4.0-87-generic root=UUID=d3fcd148-faf6-46c1-af5a-1bfe17b6b858 ro console=tty1 console=ttyS0
[    0.000000] PID hash table entries: 4096 (order: 3, 32768 bytes)
[    0.000000] Memory: 997388K/1048120K available (8474K kernel code, 1293K rwdata, 3984K rodata, 1488K init, 1316K bss, 50732K reserved, 0K cma-reserved)
[    0.000000] SLUB: HWalign=64, Order=0-3, MinObjects=0, CPUs=2, Nodes=1
[    0.000000] Hierarchical RCU implementatio.
[    0.000000] 	Build-time adjustment of leaf fanout to 64.
[    0.000000] 	RCU restricting CPUs from NR_CPUS=512 to nr_cpu_ids=2.
[    0.000000] RCU: Adjusting geometry for rcu_fanout_leaf=64, nr_cpu_ids=2
[    0.000000] NR_IRQS:33024 nr_irqs:440 16
[    0.000000] Console: colour VGA+ 80x25
[    0.000000] console [tty1] enabled
[    0.000000] console [ttyS0] enabled
[    0.000000] tsc: Fast TSC calibration failed
[    0.000000] tsc: Unable to calibrate against PIT
[    0.000000] tsc: using PMTIMER reference calibration
[    0.000000] tsc: Detected 2393.500 MHz processor
[    0.024030] Calibrating delay loop (skipped), value calculated using timer frequency.. 4787.00 BogoMIPS (lpj=9574000)
[    0.032019] pid_max: default: 32768 minimum: 301
[    0.036028] ACPI: Core revision 20150930
[    0.040876] ACPI: 2 ACPI AML tables successfully acquired and loaded
[    0.048499] Security Framework initialized
[    0.052020] Yama: becoming mindful.
[    0.056043] AppArmor: AppArmor initialized
[    0.060110] Dentry cache hash table entries: 131072 (order: 8, 1048576 bytes)
[    0.061980] Inode-cache hash table entries: 65536 (order: 7, 524288 bytes)
[    0.068067] Mount-cache hash table entries: 2048 (order: 2, 16384 bytes)
[    0.072031] Mountpoint-cache hash table entries: 2048 (order: 2, 16384 bytes)
[    0.076220] Initializing cgroup subsys io
[    0.077641] Initializing cgroup subsys memory
[    0.080031] Initializing cgroup subsys devices
[    0.084028] Initializing cgroup subsys freezer
[    0.088023] Initializing cgroup subsys net_cls
[    0.092019] Initializing cgroup subsys perf_event
[    0.093276] Initializing cgroup subsys net_prio
[    0.096024] Initializing cgroup subsys hugetlb
[    0.100018] Initializing cgroup subsys pids
[    0.101330] CPU: Physical Processor ID: 0
[    0.104015] CPU: Processor Core ID: 0
[    0.105083] mce: CPU supports 0 MCE banks
[    0.106241] Last level iTLB entries: 4KB 512, 2MB 8, 4MB 8
[    0.108016] Last level dTLB entries: 4KB 512, 2MB 32, 4MB 32, 1GB 0
[    0.118742] Freeing SMP alternatives memory: 32K (ffffffff820b9000 - ffffffff820c1000)
[    0.139518] ftrace: allocating 32128 entries in 126 pages
[    0.152128] smpboot: APIC(0) Converting physical 0 to logical package 0
[    0.156023] smpboot: Max logical packages: 1
[    0.161942] ..TIMER: vector=0x30 apic1=0 pin1=2 apic2=-1 pin2=-1
[    0.208000] smpboot: CPU0: Intel(R) Core(TM) i5-2520M CPU @ 2.50GHz (family: 0x6, model: 0x2a, stepping: 0x7)
[    0.210271] Performance Events: unsupported p6 CPU model 42 no PMU driver, software events only.
[    0.214553] NMI watchdog: disabled (cpu0): hardware events not enabled
[    0.216010] NMI watchdog: Shutting down hard lockup detector on all cpus
[    0.217790] x86: Booting SMP configuration:
[    0.218952] .... node  #0, CPUs:      #1
[    0.028000] mce: CPU supports 0 MCE banks
[    0.223874] TSC synchronization [CPU#0 -> CPU#1]:
[    0.224000] Measured 70677 cycles TSC warp between CPUs, turning off TSC clock.
[    0.224000] tsc: Marking TSC unstable due to check_tsc_sync_source failed
[    0.224127] x86: Booted up 1 node, 2 CPUs
[    0.228031] smpboot: Total of 2 processors activated (9574.00 BogoMIPS)
[    0.232505] devtmpfs: initialized
[    0.240853] evm: security.selinux
[    0.244012] evm: security.SMACK64
[    0.248011] evm: security.SMACK64EXEC
[    0.252012] evm: security.SMACK64TRANSMUTE
[    0.256010] evm: security.SMACK64MMAP
[    0.260013] evm: security.ima
[    0.261123] evm: security.capability
[    0.264240] clocksource: jiffies: mask: 0xffffffff max_cycles: 0xffffffff, max_idle_ns: 7645041785100000 ns
[    0.268042] futex hash table entries: 512 (order: 3, 32768 bytes)
[    0.272285] pinctrl core: initialized pinctrl subsystem
[    0.276113] RTC time: 13:11:33, date: 07/27/17
[    0.280333] NET: Registered protocol family 16
[    0.300033] cpuidle: using governor ladder
[    0.316272] cpuidle: using governor menu
[    0.320088] PCCT header not found.
[    0.324130] ACPI: bus type PCI registered
[    0.328018] acpiphp: ACPI Hot Plug PCI Controller Driver version: 0.5
[    0.332230] PCI: Using configuration type 1 for base access
[    0.348405] ACPI: Added _OSI(Module Device)
[    0.352059] ACPI: Added _OSI(Processor Device)
[    0.356014] ACPI: Added _OSI(3.0 _SCP Extensions)
[    0.360013] ACPI: Added _OSI(Processor Aggregator Device)
[    0.364614] ACPI: Executed 1 blocks of module-level executable AML code
[    0.376760] ACPI: Interpreter enabled
[    0.377857] ACPI: (supports S0 S5)
[    0.378898] ACPI: Using IOAPIC for interrupt routing
[    0.380184] PCI: Using host bridge windows from ACPI; if necessary, use "pci=nocrs" and report a bug
[    0.385040] ACPI: PCI Root Bridge [PCI0] (domain 0000 [bus 00-ff])
[    0.388022] acpi PNP0A03:00: _OSC: OS supports [ASPM ClockPM Segments MSI]
[    0.392023] acpi PNP0A03:00: _OSC failed (AE_NOT_FOUND); disabling ASPM
[    0.396030] acpi PNP0A03:00: fail to add MMCONFIG information, can't access extended PCI configuration space under this bridge.
[    0.400339] PCI host bridge to bus 0000:00
[    0.404012] pci_bus 0000:00: root bus resource [io  0x0000-0x0cf7 window]
[    0.406178] pci_bus 0000:00: root bus resource [io  0x0d00-0xffff window]
[    0.408014] pci_bus 0000:00: root bus resource [mem 0x000a0000-0x000bffff window]
[    0.410477] pci_bus 0000:00: root bus resource [mem 0x40000000-0xffdfffff window]
[    0.412019] pci_bus 0000:00: root bus resource [bus 00-ff]
[    0.421882] pci 0000:00:01.1: legacy IDE quirk: reg 0x10: [io  0x01f0-0x01f7]
[    0.424014] pci 0000:00:01.1: legacy IDE quirk: reg 0x14: [io  0x03f6]
[    0.428018] pci 0000:00:01.1: legacy IDE quirk: reg 0x18: [io  0x0170-0x0177]
[    0.432014] pci 0000:00:01.1: legacy IDE quirk: reg 0x1c: [io  0x0376]
[    0.462063] ACPI: PCI Interrupt Link [LNKA] (IRQs 5 9 10 11) *0, disabled.
[    0.480277] ACPI: PCI Interrupt Link [LNKB] (IRQs 5 9 10 *11)
[    0.485469] ACPI: PCI Interrupt Link [LNKC] (IRQs 5 9 *10 11)
[    0.489187] ACPI: PCI Interrupt Link [LNKD] (IRQs 5 *9 10 11)
[    0.492183] ACPI: Enabled 1 GPEs in block 00 to 07
[    0.493894] vgaarb: setting as boot device: PCI:0000:00:02.0
[    0.496000] vgaarb: device added: PCI:0000:00:02.0,decodes=io+mem,owns=io+mem,locks=none
[    0.496017] vgaarb: loaded
[    0.496935] vgaarb: bridge control possible 0000:00:02.0
[    0.500283] SCSI subsystem initialized
[    0.504191] ACPI: bus type USB registered
[    0.505336] usbcore: registered new interface driver usbfs
[    0.508031] usbcore: registered new interface driver hub
[    0.516113] usbcore: registered new device driver usb
[    0.520211] PCI: Using ACPI for IRQ routing
[    0.524344] NetLabel: Initializing
[    0.525500] NetLabel:  domain hash size = 128
[    0.528011] NetLabel:  protocols = UNLABELED CIPSOv4
[    0.529500] NetLabel:  unlabeled traffic allowed by default
[    0.532096] amd_nb: Cannot enumerate AMD northbridges
[    0.536089] clocksource: Switched to clocksource refined-jiffies
[    0.550939] AppArmor: AppArmor Filesystem Enabled
[    0.552085] pnp: PnP ACPI init
[    0.557119] pnp: PnP ACPI: found 4 devices
[    0.576154] clocksource: acpi_pm: mask: 0xffffff max_cycles: 0xffffff, max_idle_ns: 2085701024 ns
[    0.580090] clocksource: Switched to clocksource acpi_pm
[    0.581536] NET: Registered protocol family 2
[    0.582910] TCP established hash table entries: 8192 (order: 4, 65536 bytes)
[    0.584685] TCP bind hash table entries: 8192 (order: 5, 131072 bytes)
[    0.586291] TCP: Hash tables configured (established 8192 bind 8192)
[    0.587855] UDP hash table entries: 512 (order: 2, 16384 bytes)
[    0.589397] UDP-Lite hash table entries: 512 (order: 2, 16384 bytes)
[    0.590982] NET: Registered protocol family 1
[    0.592237] pci 0000:00:00.0: Limiting direct PCI/PCI transfers
[    0.593728] pci 0000:00:01.0: Activating ISA DMA hang workarounds
[    0.596004] Unpacking initramfs...
[    0.923061] Freeing initrd memory: 15224K (ffff880036234000 - ffff880037112000)
[    1.012004] RAPL PMU detected, API unit is 2^-32 Joules, 3 fixed counters 10737418240 ms ovfl timer
[    1.014076] hw unit of domain pp0-core 2^-0 Joules
[    1.014857] hw unit of domain package 2^-0 Joules
[    1.015908] hw unit of domain pp1-gpu 2^-0 Joules
[    1.017397] clocksource: tsc: mask: 0xffffffffffffffff max_cycles: 0x22803af2e8b, max_idle_ns: 440795203399 ns
[    1.019551] platform rtc_cmos: registered platform RTC device (no PNP device found)
[    1.021427] Scanning for low memory corruption every 60 seconds
[    1.023064] audit: initializing netlink subsys (disabled)
[    1.024231] audit: type=2000 audit(1501161091.023:1): initialized
[    1.025794] Initialise system trusted keyring
[    1.027174] HugeTLB registered 2 MB page size, pre-allocated 0 pages
[    1.030130] zbud: loaded
[    1.031579] VFS: Disk quotas dquot_6.6.0
[    1.056920] VFS: Dquot-cache hash table entries: 512 (order 0, 4096 bytes)
[    1.074947] squashfs: version 4.0 (2009/01/31) Phillip Lougher
[    1.102251] fuse init (API version 7.23)
[    1.103732] Key type big_key registered
[    1.104721] Allocating IMA MOK and blacklist keyrings.
[    1.111837] Key type asymmetric registered
[    1.114127] Asymmetric key parser 'x509' registered
[    1.115512] Block layer SCSI generic (bsg) driver version 0.4 loaded (major 249)
[    1.117844] io scheduler noop registered
[    1.119271] io scheduler deadline registered (default)
[    1.120465] io scheduler cfq registered
[    1.121673] pci_hotplug: PCI Hot Plug PCI Core version: 0.5
[    1.123106] pciehp: PCI Express Hot Plug Controller Driver version: 0.4
[    1.124942] ACPI: AC Adapter [AC] (on-line)
[    1.126158] input: Power Button as /devices/LNXSYSTM:00/LNXPWRBN:00/input/input0
[    1.128252] ACPI: Power Button [PWRF]
[    1.164004] input: Sleep Button as /devices/LNXSYSTM:00/LNXSLPBN:00/input/input1
[    1.201792] ACPI: Sleep Button [SLPF]
[    1.203287] GHES: HEST is not enabled!
[    1.204166] ACPI: Battery Slot [BAT0] (battery present)
[    1.206223] Serial: 8250/16550 driver, 32 ports, IRQ sharing enabled
[    1.230142] 00:03: ttyS0 at I/O 0x3f8 (irq = 4, base_baud = 115200) is a 16550A
[    1.245442] Linux agpgart interface v0.103
[    1.251226] loop: module loaded
[    1.254176 ssi host0: tapiix

[    1.674072] scsi host1: ata_piix
[    1.676983] ata1: PATA max UDMA/33 cmd 0x1f0 ctl 0x3f6 bmdma 0xd000 irq 14
[    1.678349] ata2: PATA max UDMA/33 cmd 0x170 ctl 0x376 bmdma 0xd008 irq 15
[    1.679859] libphy: Fixed MDIO Bus: probed
[    1.729731] tun: Universal TUN/TAP device driver, 1.6
[    1.733171] tun: (C) 1999-2004 Max Krasnyansky <maxk@qualcomm.com>
[    1.734801] PPP generic driver version 2.4.2
[    1.736103] ehci_hcd: USB 2.0 'Enhanced' Host Controller (EHCI) Driver
[    1.737442] ehci-pci: EHCI PCI platform driver
[    1.738448] ehci-platform: EHCI generic platform driver
[    1.739577] ohci_hcd: USB 1.1 'Open' Host Controller (OHCI) Driver
[    1.742443] ohci-pci: OHCI PCI platform driver
[    1.743470] ohci-platform: OHCI generic platform driver
[    1.756795] uhci_hcd: USB Universal Host Controller Interface driver
[    1.782898] i8042: PNP: PS/2 Controller [PNP0303:PS2K,PNP0f03:PS2M] at 0x60,0x64 irq 1,12
[    1.785715] serio: i8042 KBD port at 0x60,0x64 irq 1
[    1.786777] serio: i8042 AUX port at 0x60,0x64 irq 12
[    1.788412] mousedev: PS/2 mouse device common for all mice
[    1.790811] input: AT Translated Set 2 keyboard as /devices/platform/i8042/serio0/input/input2
[    1.804621] rtc_cmos rtc_cmos: rtc core: registered rtc_cmos as rtc0
[    1.804724] rtc_cmos rtc_cmos: alarms up to one day, 114 bytes nvram
[    1.804736] i2c /dev entries driver
[    1.804800] device-mapper: uevent: version 1.0.3
[    1.804879] device-mapper: ioctl: 4.34.0-ioctl (2015-10-28) initialised: dm-devel@redhat.com
[    1.804906] ledtrig-cpu: registered to indicate activity on CPUs
[    1.805446] NET: Registered protocol family 10
[    1.805663] NET: Registered protocol family 17
[    1.805675] Key type dns_resolver registered
[    1.805590] microcode: CPU0 sig=0x206a7, pf=0x10, revision=0x0
[    1.840623] microcode: CPU1 sig=0x206a7, pf=0x10, revision=0x0
[    1.840707] microcode: Microcode Update Driver: v2.01 <tigran@aivazian.fsnet.co.uk>, Peter Oruba
[    1.840936] registered taskstats version 1
[    1.840959] Loading compiled-in X.509 certificates
[    1.842092] Loaded X.509 cert 'Build time autogenerated kernel key: 713bc24ccc5bf0d11d706d6f5bf7187ed23f7b25'
[    1.842121] zswap: loaded using pool lzo/zbud
[    1.844713] Key type trusted registered
[    1.849310] Key type encrypted registered
[    1.849320] AppArmor: AppArmor sha1 policy hashing enabled
[    1.849327] ima: No TPM chip found, activating TPM-bypass!
[    1.849361] evm: HMAC attrs: 0x1
[    1.849823]   Magic number: 9:31:181
[    1.851181] rtc_cmos rtc_cmos: setting system clock to 2017-07-27 13:11:35 UTC (1501161095)
[    1.851366] BIOS EDD facility v0.16 2004-Jun-25, 0 devices found
[    1.851371] EDD information not available.
[    1.908510] Freeing unused kernel memory: 1488K (ffffffff81f45000 - ffffffff820b9000)
[    1.911583] Write protecting the kernel read-only data: 14336k
[    1.919859] Freeing unused kernel memory: 1756K (ffff880001849000 - ffff880001a00000)
[    1.927995] Freeing unused kernel memory: 112K (ffff880001de4000 - ffff880001e00000)
Loading, please wait...
starting version[    1.953190] random: systemd-udevd: uninitialized urandom read (16 bytes read, 3 bits of entropy available)
 229
[    1.954554] random: udevadm: uninitialized urandom read (16 bytes read, 3 bits of entropy available)
[    1.954624] random: udevadm: uninitialized urandom read (16 bytes read, 3 bits of entropy available)
[    1.954872] random: udevadm: uninitialized urandom read (16 bytes read, 3 bits of entropy available)
[    1.955191] random: udevadm: uninitialized urandom read (16 bytes read, 3 bits of entropy available)
[    1.955292] random: udevadm: uninitialized urandom read (16 bytes read, 3 bits of entropy available)
[    1.955400] random: udevadm: uninitialized urandom read (16 bytes read, 3 bits of entropy available)
[    1.955505] random: udevadm: uninitialized urandom read (16 bytes read, 3 bits of entropy available)
[    1.955597] random: udevadm: uninitialized urandom read (16 bytes read, 3 bits of entropy available)
[    1.955674] random: udevadm: uninitialized urandom read (16 bytes read, 3 bits of entropy available)
[    2.009850] Fusion MPT base driver 3.04.20
[    2.012408] Copyright (c) 1999-2008 LSI Corporation
[    2.015036] e1000: Intel(R) PRO/1000 Network Driver - version 7.3.21-k8-NAPI
[    2.020578] e1000: Copyright (c) 1999-2006 Intel Corporation.
[    2.029515] Fusion MPT SPI Host driver 3.04.20
[    2.254141] input: ImExPS/2 Generic Explorer Mouse as /devices/platform/i8042/serio1/input/input4
[    2.438469] e1000 0000:00:03.0 eth0: (PCI:33MHz:32-bit) 02:e8:c6:8a:e3:de
[    2.476925] e1000 0000:00:03.0 eth0: Intel(R) PRO/1000 Network Connection
[    2.521914] mptbase: ioc0: Initiating bringup
[    2.522442] e1000 0000:00:03.0 enp0s3: renamed from eth0
[    2.638143] ioc0: LSI53C1030 A0: Capabilities={Initiator}
[    3.554123] scsi host2: ioc0: LSI53C1030 A0, FwRev=00000000h, Ports=1, MaxQ=256, IRQ=20
[    3.680410] scsi 2:0:0:0: Direct-Access     VBOX     HARDDISK         1.0  PQ: 0 ANSI: 5
[    3.691246] scsi target2:0:0: Beginning Domain Validation
[    3.703460] scsi target2:0:0: Domain Validation skipping write tests
[    3.705995] scsi target2:0:0: Ending Domain Validation
[    3.707315] scsi target2:0:0: asynchronous
[    3.709404] scsi 2:0:1:0: Direct-Access     VBOX     HARDDISK         1.0  PQ: 0 ANSI: 5
[    3.808195] scsi target2:0:1: Beginning Domain Validation
[    4.123168] scsi target2:0:1: Domain Validation skipping write tests
[    4.130172] scsi target2:0:1: Ending Domain Validation
[    4.131653] scsi target2:0:1: asynchronous
[    4.147709] sd 2:0:0:0: Attached scsi generic sg0 type 0
[    4.149482] sd 2:0:0:0: [sda] 20971520 512-byte logical blocks: (10.7 GB/10.0 GiB)
[    4.150221] sd 2:0:1:0: Attached scsi generic sg1 type 0
[    4.150586] sd 2:0:1:0: [sdb] 20480 512-byte logical blocks: (10.5 MB/10.0 MiB)
[    4.150902] sd 2:0:1:0: [sdb] Write Protect is off
[    4.151111] sd 2:0:1:0: [sdb] Incomplete mode parameter data
[    4.151115] sd 2:0:1:0: [sdb] Assuming drive cache: write through
[    4.164331] sd 2:0:1:0: [sdb] Attached SCSI disk
[    4.205854] sd 2:0:0:0: [sda] Write Protect is off
[    4.212244] sd 2:0:0:0: [sda] Incomplete mode parameter data
[    4.214427] sd 2:0:0:0: [sda] Assuming drive cache: write through
[    4.245022]  sda: sda1
[    4.248275] sd 2:0:0:0: [sda] Attached SCSI disk
[    5.053312] floppy0: no floppy controllers found
Begin: Loading essential drivers ... [    6.611365] md: linear personality registered for level -1
[    6.616474] md: multipath personality registered for level -4
[    6.628601] md: raid0 personality registered for level 0
[    6.649838] md: raid1 personality registered for level 1
[    6.724078] raid6: sse2x1   gen()  7711 MB/s
[    6.812079] raid6: sse2x1   xor()  5788 MB/s
[    6.884147] raid6: sse2x2   gen()  9407 MB/s
[    6.952074] raid6: sse2x2   xor()  6934 MB/s
[    7.032976] raid6: sse2x4   gen() 10965 MB/s
[    7.108106] raid6: sse2x4   xor()  8137 MB/s
[    7.109546] raid6: using algorithm sse2x4 gen() 10965 MB/s
[    7.119678] raid6: .... xor() 8137 MB/s, rmw enabled
[    7.121567] raid6: using ssse3x2 recovery algorithm
[    7.162451] xor: measuring software checksum speed
[    7.208066]    prefetch64-sse: 12593.000 MB/sec
[    7.248259]    generic_sse: 13332.000 MB/sec
[    7.274359] xor: using function: generic_sse (13332.000 MB/sec)
[    7.278249] async_tx: api initialized (async)
[    7.324176] md: raid6 personality registered for level 6
[    7.362696] md: raid5 personality registered for level 5
[    7.364843] md: raid4 personality registered for level 4
[    7.397221] md: raid10 personality registered for level 10
done.
Begin: Running /scripts/init-premount ... done.
Begin: Mounting root file system ... Begin: Running /scripts/local-top ... done.
Begin: Running /scripts/local-premount ... [    7.461571] Btrfs loaded
Scanning for Btrfs filesystems
done.
Warning: fsck not present, so skipping root file system
[    7.538130] EXT4-fs (sda1): mounted filesystem with ordered data mode. Opts: (null)
done.
Begin: Running /scripts/local-bottom ... done.
Begin: Running /scripts/init-bottom ... done.
[    9.759136] systemd[1]: systemd 229 running in system mode. (+PAM +AUDIT +SELINUX +IMA +APPARMOR +SMACK +SYSVINIT +UTMP +LIBCRYPTSETUP +GCRYPT +GNUTLS +ACL +XZ -LZ4 +SECCOMP +BLKID +ELFUTILS +KMOD -IDN)
[    9.802755] systemd[1]: Detected virtualization oracle.
[    9.822083] systemd[1]: Detected architecture x86-64.

Welcome to [1mUbuntu 16.04.2 LTS[0m!

[    9.891520] systemd[1]: Set hostname to <ubuntu-xenial>.
[    9.976731] random: nonblocking pool is initialized
[   10.749686] systemd[1]: Set up automount Arbitrary Executable File Formats File System Automount Point.
[[0;32m  OK  [0m] Set up automount Arbitrary Executab...ats File System Automount Point.
[   10.833214] systemd[1]: Listening on LVM2 metadata daemon socket.
[[0;32m  OK  [0m] Listening on LVM2 metadata daemon socket.
[   10.872799] systemd[1]: Reached target User and Group Name Lookups.
[[0;32m  OK  [0m] Reached target User and Group Name Lookups.
[   10.950342] systemd[1]: Listening on udev Kernel Socket.
[[0;32m  OK  [0m] Listening on udev Kernel Socket.
[   11.018340] systemd[1]: Started Forward Password Requests to Wall Directory Watch.
[[0;32m  OK  [0m] Started Forward Password Requests to Wall Directory Watch.
[   11.079881] systemd[1]: Listening on Device-mapper event daemon FIFOs.
[[0;32m  OK  [0m] Listening on Device-mapper event daemon FIFOs.
[   11.137341] systemd[1]: Listening on Journal Audit Socket.
[[0;32m  OK  [0m] Listening on Journal Audit Socket.
[   11.170632] systemd[1]: Listening on udev Control Socket.
[[0;32m  OK  [0m] Listening on udev Control Socket.
[   11.188015] systemd[1]: Listening on Journal Socket.
[[0;32m  OK  [0m] Listening on Journal Socket.
[   11.199113] systemd[1]: Reached target Encrypted Volumes.
[[0;32m  OK  [0m] Reached target Encrypted Volumes.
[   11.203644] systemd[1]: Started Trigger resolvconf update for networkd DNS.
[[0;32m  OK  [0m] Started Trigger resolvconf update for networkd DNS.
[   11.207909] systemd[1]: Listening on Journal Socket (/dev/log).
[[0;32m  OK  [0m] Listening on Journal Socket (/dev/log).
[   11.211562] systemd[1]: Listening on Syslog Socket.
[[0;32m  OK  [0m] Listening on Syslog Socket.
[   11.216147] systemd[1]: Created slice System Slice.
[[0;32m  OK  [0m] Created slice System Slice.
[   11.225907] systemd[1]: Created slice system-serial\x2dgetty.slice.
[[0;32m  OK  [0m] Created slice system-serial\x2dgetty.slice.
[   11.273824] systemd[1]: Starting Remount Root and Kernel File Systems...
         Starting Remount Root and Kernel File Systems...
[   11.353376] systemd[1]: Starting Load Kernel Modules...
         Starting Load Kernel Modules...
[   11.369705] systemd[1]: Starting Monitoring of LVM2 mirrors, snapshots etc. using dmeventd or progress polling...
         Starting Monitoring of LVM2 mirrors... dmeventd or progress polling...
[   11.386499] systemd[1]: Starting Create list of required static device nodes for the current kernel...
         Starting Create list of required st... nodes for the current kernel...
[   11.423246] systemd[1]: Mounting POSIX Message Queue File System...
         Mounting POSIX Message Queue File System...
[   11.489539] systemd[1]: Mounting Debug File System...
[   11.498420] EXT4-fs (sda1): re-mounted. Opts: (null)
         Mounting Debug File System...
[   11.511505] systemd[1]: Listening on /dev/initctl Compatibility Named Pipe.
[[0;32m  OK  [0m] Listening on[   11.528876] Loading iSCSI transport class v2.0-870.
 /dev/initctl Compatibility Named Pipe.
[   11.596695] iscsi: registered transport (tcp)
[   11.600721] systemd[1]: Starting Set console keymap...
         Starting Set console keymap...
[   11.651907] systemd[1]: Created slice User and Session Slice.
[[0;32m  OK  [0m] Created slice User and Session Slice.
[   11.666287] systemd[1]: Reached target Slices.
[[0;32m  OK  [0m] Reached target Slices.
[   11.672569] systemd[1]: Listening on LVM2 poll daemon socket.
[[0;32m  OK  [0m] Listening on LVM2 poll daemon socket.
[   11.677186] systemd[1]: Mounting Huge Pages File System...
         Mounting Huge Pages File System...
[   11.732420] systemd[1]: Starting Journal Service...
         Starting Journal Service...
[   11.736269] systemd[1]: Reached target Swap.
[[0;32m  OK  [0m] Reached target Swap.
[   11.744637] systemd[1]: Starting Uncomplicated firewall...
         Starting Uncomplicated firewall...
[   11.749614] iscsi: registered transport (iser)
[   11.753897] systemd[1]: Starting Nameserver information manager...
         Starting Nameserver information manager...
[   11.762517] systemd[1]: Mounted Huge Pages File System.
[[0;32m  OK  [0m] Mounted Huge Pages File System.
[   11.766715] systemd[1]: Mounted POSIX Message Queue File System.
[[0;32m  OK  [0m] Mounted POSIX Message Queue File System.
[   11.772268] systemd[1]: Mounted Debug File System.
[[0;32m  OK  [0m] Mounted Debug File System.
[   11.785223] systemd[1]: Started Remount Root and Kernel File Systems.
[[0;32m  OK  [0m] Started Remount Root and Kernel File Systems.
[   11.803231] systemd[1]: Started Load Kernel Modules.
[[0;32m  OK  [0m] Started Load Kernel Modules.
[   11.876865] systemd[1]: Started Create list of required static device nodes for the current kernel.
[[0;32m  OK  [0m] Started Create list of required sta...ce nodes for the current kernel.
[   12.031460] systemd[1]: Started Set console keymap.
[[0;32m  OK  [0m] Started Set console keymap.
[   12.049369] systemd[1]: Started Uncomplicated firewall.
[[0;32m  OK  [0m] Started Uncomplicated firewall.
[   12.086125] systemd[1]: Started Journal Service.
[[0;32m  OK  [0m] Started Journal Service.
[[0;32m  OK  [0m] Started Nameserver information manager.
[[0;32m  OK  [0m] Started LVM2 metadata daemon.
         Starting Create Static Device Nodes in /dev...
         Starting Apply Kernel Variables...
         Mounting FUSE Control File System...
         Starting Load/Save Random Seed...
         Starting Flush Journal to Persistent Storage...
         Starting udev Coldplug all Devices...
         Starting Initial cloud-init job (pre-networking)...
[[0;32m  OK  [0m] Mounted FUSE Control File System.
[[0;32m  OK  [0m] Started Create Static Device Nodes in /dev.
[[0;32m  OK  [0m] Started Apply Kernel Variables.
[[0;32m  OK  [0m] Started Load/Save Random Seed.
[[0;32m  OK  [0m] Started udev Coldplug all Devices.
         Starting udev Kernel Device Manager...
[[0;32m  OK  [0m] Started Flush Journal to Persistent Storage.
[[0;32m  OK  [0m] Started Monitoring of LVM2 mirrors,...ng dmeventd or progress polling.
[[0;32m  OK  [0m] Started udev Kernel Device Manager.
[[0;32m  OK  [0m] Reached target Local File Systems (Pre).
[[0;32m  OK  [0m] Reached target Local File Systems.
         Starting Create Volatile Files and Directories...
         Starting Tell Plymouth To Write Out Runtime Data...
         Starting LSB: AppArmor initialization...
         Starting Set console font and keymap...
[[0;32m  OK  [0m] Started Dispatch Password Requests to Console Directory Watch.
[[0;32m  OK  [0m] Started Tell Plymouth To Write Out Runtime Data.
[[0;32m  OK  [0m] Started Create Volatile Files and Directories.
         Starting Update UTMP about System Boot/Shutdown...
[[0;32m  OK  [0m] Reached target System Time Synchronized.
[[0;32m  OK  [0m] Found device /dev/ttyS0.
[[0;32m  OK  [0m] Started Update UTMP about System Boot/Shutdown.
[[0;32m  OK  [0m] Found device 82540EM Gigabit Ethern...r (PRO/1000 MT Desktop Adapter).
[[0;32m  OK  [0m] Started Set console font and keymap.
[[0;32m  OK  [0m] Created slice system-getty.slice.
[[0;32m  OK  [0m] Listening on Load/Save RF Kill Switch Status /dev/rfkill Watch.
[[0;32m  OK  [0m] Started LSB: AppArmor initialization.
[   17.688332] cloud-init[443]: Cloud-init v. 0.7.9 running 'init-local' at Thu, 27 Jul 2017 13:11:50 +0000. Up 16.78 seconds.
[[0;32m  OK  [0m] Started Initial cloud-init job (pre-networking).
[[0;32m  OK  [0m] Reached target Network (Pre).
         Starting Raise network interfaces...
[[0;32m  OK  [0m] Started ifup for enp0s3.
[[0;32m  OK  [0m] Started Raise network interfaces.
         Starting Initial cloud-init job (metadata service crawler)...
[[0;32m  OK  [0m] Reached target Network.
[   19.391188] cloud-init[957]: Cloud-init v. 0.7.9 running 'init' at Thu, 27 Jul 2017 13:11:52 +0000. Up 18.59 seconds.
[   19.423233] cloud-init[957]: ci-info: +++++++++++++++++++++++++++++++++++++Net device info++++++++++++++++++++++++++++++++++++++
[   19.430989] cloud-init[957]: ci-info: +--------+------+----------------------------+---------------+-------+-------------------+
[   19.458299] cloud-init[957]: ci-info: | Device |  Up  |          Address           |      Mask     | Scope |     Hw-Address    |
[   19.469240] cloud-init[957]: ci-info: +--------+------+----------------------------+---------------+-------+-------------------+
[   19.469691] cloud-init[957]: ci-info: |   lo   | True |         127.0.0.1          |   255.0.0.0   |   .   |         .         |
[   19.470040] cloud-init[957]: ci-info: |   lo   | True |          ::1/128           |       .       |  host |         .         |
[   19.470370] cloud-init[957]: ci-info: | enp0s3 | True |         10.0.2.15          | 255.255.255.0 |   .   | 02:e8:c6:8a:e3:de |
[   19.470544] cloud-init[957]: ci-info: | enp0s3 | True | fe80::e8:c6ff:fe8a:e3de/64 |       .       |  link | 02:e8:c6:8a:e3:de |
[   19.470728] cloud-init[957]: ci-info: +--------+------+----------------------------+---------------+-------+-------------------+
[   19.470976] cloud-init[957]: ci-info: +++++++++++++++++++++++++++Route IPv4 info++++++++++++++++++++++++++++
[[0;32m  OK  [0m] Started Initial cloud-init job (metadata service crawler).
[   19.471215] cloud-init[957]: ci-info: +-------+-------------+----------+---------------+-----------+-------+
[   20.165921] cloud-init[957]: ci-info: | Route | Destination | Gateway  |    Genmask    | Interface | Flags |
[   20.167563] cloud-init[957]: ci-info: +-------+-------------+----------+---------------+-----------+-------+
[[0;32m  OK  [0m] Reached target System Initialization.
[   20.168687] cloud-init[957]: ci-info: |   0   |   0.0.0.0   | 10.0.2.2 |    0.0.0.0    |   enp0s3  |   UG  |
[   20.283135] cloud-init[957]: ci-info: |   1   |   10.0.2.0  | 0.0.0.0  | 255.255.255.0 |   enp0s3  |   U   |
[   20.283969] cloud-init[957]: ci-info: +-------+-------------+----------+---------------+-----------+-------+
         Starting Socket activation for snappy daemon.
[[0;32m  OK  [0m] Started Daily apt activities.
[[0;32m  OK  [0m] Started ACPI Events Check.
[[0;32m  OK  [0m] Reached target Paths.
[[0;32m  OK  [0m] Listening on D-Bus System Message Bus Socket.
         Starting LXD - unix socket.
[[0;32m  OK  [0m] Listening on UUID daemon activation socket.
[[0;32m  OK  [0m] Started Timer to automatically refresh installed snaps.
[[0;32m  OK  [0m] Listening on ACPID Listen Socket.
[[0;32m  OK  [0m] Started Daily Cleanup of Temporary Directories.
[[0;32m  OK  [0m] Reached target Timers.
[[0;32m  OK  [0m] Reached target Network is Online.
         Starting iSCSI initiator daemon (iscsid)...
[[0;32m  OK  [0m] Reached target Cloud-config availability.
[[0;32m  OK  [0m] Listening on Socket activation for snappy daemon.
[[0;32m  OK  [0m] Listening on LXD - unix socket.
[[0;32m  OK  [0m] Reached target Sockets.
[[0;32m  OK  [0m] Reached target Basic System.
[[0;32m  OK  [0m] Started FUSE filesystem for LXC.
         Starting System Logging Service...
         Starting /etc/rc.local Compatibility...
         Starting LXD - container startup/shutdown...
[[0;32m  OK  [0m] Started Unattended Upgrades Shutdown.
         Starting LSB: Record successful boot for GRUB...
         Starting Apply the settings specified in cloud-config...
[[0;32m  OK  [0m] Started Regular background program processing daemon.
         Starting Login Service...
[[0;32m  OK  [0m] Started Deferred execution scheduler.
[[0;32m  OK  [0m] Started D-Bus System Message Bus.
         Starting Accounts Service...
         Starting LSB: MD monitoring daemon...
[   21.752357] cloud-init[1033]: Cloud-init v. 0.7.9 running 'modules:config' at Thu, 27 Jul 2017 13:11:55 +0000. Up 21.54 seconds.
         Starting OpenBSD Secure Shell server...
[[0;32m  OK  [0m] Started ACPI event daemon.
[[0;32m  OK  [0m] Started Snappy daemon.
         Starting Auto import assertions from block devices...
[[0;32m  OK  [0m] Started System Logging Service.
[[0;32m  OK  [0m] Started iSCSI initiator daemon (iscsid).
[[0;32m  OK  [0m] Started /etc/rc.local Compatibility.
[[0;32m  OK  [0m] Started Apply the settings specified in cloud-config.
[[0;32m  OK  [0m] Started Auto import assertions from block devices.
         Starting Login to default iSCSI targets...
[[0;32m  OK  [0m] Started Login Service.
[[0;32m  OK  [0m] Started LSB: MD monitoring daemon.
[[0;32m  OK  [0m] Started LSB: Record successful boot for GRUB.
[[0;32m  OK  [0m] Started Login to default iSCSI targets.
[[0;32m  OK  [0m] Reached target Remote File Systems (Pre).
[[0;32m  OK  [0m] Reached target Remote File Systems.
         Starting LSB: Set the CPU Frequency Scaling governor to "ondemand"...
         Starting LSB: automatic crash report generation...
         Starting Permit User Sessions...
         Starting LSB: VirtualBox Linux Additions...
         Starting LSB: daemon to balance interrupts for SMP systems...
[[0;32m  OK  [0m] Started LSB: Set the CPU Frequency Scaling governor to "ondemand".
[[0;32m  OK  [0m] Started OpenBSD Secure Shell server.
[[0;32m  OK  [0m] Started Permit User Sessions.
         Starting Terminate Plymouth Boot Screen...
         Starting Hold until boot process finishes up...
[[0;32m  OK  [0m] Started Terminate Plymouth Boot Screen.
[[0;32m  OK  [0m] Started LSB: daemon to balance interrupts for SMP systems.
[[0;32m  OK  [0m] Started Hold until boot process finishes up.
[[0;32m  OK  [0m] Started Serial Getty on ttyS0.
[[0;32m  OK  [0m] Started Getty on tty1.
[[0;32m  OK  [0m] Reached target Login Prompts.
         Starting Set console scheme...
[[0;32m  OK  [0m] Started LSB: automatic crash report generation.
[[0;32m  OK  [0m] Started Set console scheme.
         Starting Authenticate and Authorize Users to Run Privileged Tasks...
[[0;32m  OK  [0m] Started LXD - container startup/shutdown.
[[0;32m  OK  [0m] Started LSB: VirtualBox Linux Additions.
[[0;32m  OK  [0m] Reached target Multi-User System.
         Starting Execute cloud user/final scripts...
[[0;32m  OK  [0m] Started Authenticate and Authorize Users to Run Privileged Tasks.
[[0;32m  OK  [0m] Started Accounts Service.
[[0;32m  OK  [0m] Reached target Graphical Interface.
         Starting Update UTMP about System Runlevel Changes...
[[0;32m  OK  [0m] Started Update UTMP about System Runlevel Changes.
[   23.747972] cloud-init[1190]: Cloud-init v. 0.7.9 running 'modules:final' at Thu, 27 Jul 2017 13:11:57 +0000. Up 23.55 seconds.
[   23.762415] cloud-init[1190]: Cloud-init v. 0.7.9 finished at Thu, 27 Jul 2017 13:11:57 +0000. Datasource DataSourceNoCloud [seed=/dev/sdb][dsmode=net].  Up 23.73 seconds
[[0;32m  OK  [0m] Started Execute cloud user/final scripts.
[[0;32m  OK  [0m] Reached target Cloud-init target.
         Starting Daily apt activities...

Ubuntu 16.04.2 LTS ubuntu-xenial ttyS0

ubuntu-xenial login: 